Internal Server Error: /static/assets/img/hero/hero-3-3.jpg
Internal Server Error: /static/assets/img/hero/hero-3-2.jpg
Internal Server Error: /static/assets/img/bg/category-bg.png
"GET /static/assets/img/hero/hero-3-3.jpg HTTP/1.1" 500 145
Internal Server Error: /static/assets/img/hero/hero-3-1.jpg
"GET /static/assets/img/hero/hero-3-2.jpg HTTP/1.1" 500 145
"GET /static/assets/img/bg/category-bg.png HTTP/1.1" 500 145
Internal Server Error: /static/assets/img/bg/course-bg1.png
"GET /static/assets/img/hero/hero-3-1.jpg HTTP/1.1" 500 145
"GET /static/assets/img/bg/course-bg1.png HTTP/1.1" 500 145
Internal Server Error: /static/assets/img/bg/footer-bg1.png
Internal Server Error: /static/assets/img/bg/testi-bg-1-1.jpg
"GET /static/assets/img/bg/footer-bg1.png HTTP/1.1" 500 145
"GET /static/assets/img/bg/testi-bg-1-1.jpg HTTP/1.1" 500 145
Internal Server Error: /Educa_Angola/course.html
"GET /Educa_Angola/course.html HTTP/1.1" 500 145
Internal Server Error: /Educa_Angola/course.html
"GET /Educa_Angola/course.html HTTP/1.1" 500 145
Internal Server Error: /static/assets/img/hero/hero-3-1.jpg
"GET /static/assets/img/hero/hero-3-1.jpg HTTP/1.1" 500 145
Internal Server Error: /static/assets/img/hero/hero-3-2.jpg
"GET /static/assets/img/hero/hero-3-2.jpg HTTP/1.1" 500 145
Internal Server Error: /static/assets/img/bg/category-bg.png
"GET /static/assets/img/bg/category-bg.png HTTP/1.1" 500 145
Internal Server Error: /static/assets/img/hero/hero-3-3.jpg
Internal Server Error: /static/assets/img/bg/course-bg1.png
"GET /static/assets/img/bg/course-bg1.png HTTP/1.1" 500 145
"GET /static/assets/img/hero/hero-3-3.jpg HTTP/1.1" 500 145
Internal Server Error: /static/assets/img/bg/footer-bg1.png
Internal Server Error: /static/assets/img/bg/testi-bg-1-1.jpg
"GET /static/assets/img/bg/footer-bg1.png HTTP/1.1" 500 145
"GET /static/assets/img/bg/testi-bg-1-1.jpg HTTP/1.1" 500 145
Internal Server Error: /Educa_Angola/course.html
"GET /Educa_Angola/course.html HTTP/1.1" 500 145
Internal Server Error: /static/assets/img/hero/hero-3-1.jpg
"GET /static/assets/img/hero/hero-3-1.jpg HTTP/1.1" 500 145
Internal Server Error: /static/assets/img/hero/hero-3-2.jpg
"GET /static/assets/img/hero/hero-3-2.jpg HTTP/1.1" 500 145
Internal Server Error: /static/assets/img/bg/footer-bg1.png
Internal Server Error: /static/assets/img/hero/hero-3-3.jpg
Internal Server Error: /static/assets/img/bg/category-bg.png
Internal Server Error: /static/assets/img/bg/course-bg1.png
"GET /static/assets/img/bg/footer-bg1.png HTTP/1.1" 500 145
"GET /static/assets/img/hero/hero-3-3.jpg HTTP/1.1" 500 145
"GET /static/assets/img/bg/category-bg.png HTTP/1.1" 500 145
Internal Server Error: /static/assets/img/bg/testi-bg-1-1.jpg
"GET /static/assets/img/bg/course-bg1.png HTTP/1.1" 500 145
"GET /static/assets/img/bg/testi-bg-1-1.jpg HTTP/1.1" 500 145
Internal Server Error: /Educa_Angola/course.html
"GET /Educa_Angola/course.html HTTP/1.1" 500 145
Internal Server Error: /static/assets/img/bg/category-bg.png
Internal Server Error: /static/assets/img/bg/course-bg1.png
Internal Server Error: /static/assets/img/hero/hero-3-3.jpg
Internal Server Error: /static/assets/img/hero/hero-3-1.jpg
Internal Server Error: /static/assets/img/hero/hero-3-2.jpg
"GET /static/assets/img/bg/course-bg1.png HTTP/1.1" 500 145
"GET /static/assets/img/hero/hero-3-1.jpg HTTP/1.1" 500 145
"GET /static/assets/img/hero/hero-3-3.jpg HTTP/1.1" 500 145
Internal Server Error: /static/assets/img/bg/testi-bg-1-1.jpg
"GET /static/assets/img/hero/hero-3-2.jpg HTTP/1.1" 500 145
"GET /static/assets/img/bg/testi-bg-1-1.jpg HTTP/1.1" 500 145
Internal Server Error: /static/assets/img/bg/footer-bg1.png
"GET /static/assets/img/bg/footer-bg1.png HTTP/1.1" 500 145
"GET /static/assets/img/bg/category-bg.png HTTP/1.1" 500 145
Internal Server Error: /Educa_Angola/course.html
"GET /Educa_Angola/course.html HTTP/1.1" 500 145
Internal Server Error: /Educa_Angola/admin/
Traceback (most recent call last):
  File "/home/muquissi/Desktop/EducaAngola/venv/lib/python3.11/site-packages/django/template/base.py", line 510, in parse
    compile_func = self.tags[command]
                   ~~~~~~~~~^^^^^^^^^
KeyError: 'static'

During handling of the above exception, another exception occurred:

Traceback (most recent call last):
  File "/home/muquissi/Desktop/EducaAngola/venv/lib/python3.11/site-packages/django/core/handlers/exception.py", line 55, in inner
    response = get_response(request)
               ^^^^^^^^^^^^^^^^^^^^^
  File "/home/muquissi/Desktop/EducaAngola/venv/lib/python3.11/site-packages/django/core/handlers/base.py", line 197, in _get_response
    response = wrapped_callback(request, *callback_args, **callback_kwargs)
               ^^^^^^^^^^^^^^^^^^^^^^^^^^^^^^^^^^^^^^^^^^^^^^^^^^^^^^^^^^^^
  File "/home/muquissi/Educa/core/views.py", line 17, in admin
    return render(request, 'admin.html')
           ^^^^^^^^^^^^^^^^^^^^^^^^^^^^^
  File "/home/muquissi/Desktop/EducaAngola/venv/lib/python3.11/site-packages/django/shortcuts.py", line 25, in render
    content = loader.render_to_string(template_name, context, request, using=using)
              ^^^^^^^^^^^^^^^^^^^^^^^^^^^^^^^^^^^^^^^^^^^^^^^^^^^^^^^^^^^^^^^^^^^^^
  File "/home/muquissi/Desktop/EducaAngola/venv/lib/python3.11/site-packages/django/template/loader.py", line 61, in render_to_string
    template = get_template(template_name, using=using)
               ^^^^^^^^^^^^^^^^^^^^^^^^^^^^^^^^^^^^^^^^
  File "/home/muquissi/Desktop/EducaAngola/venv/lib/python3.11/site-packages/django/template/loader.py", line 15, in get_template
    return engine.get_template(template_name)
           ^^^^^^^^^^^^^^^^^^^^^^^^^^^^^^^^^^
  File "/home/muquissi/Desktop/EducaAngola/venv/lib/python3.11/site-packages/django/template/backends/django.py", line 79, in get_template
    return Template(self.engine.get_template(template_name), self)
                    ^^^^^^^^^^^^^^^^^^^^^^^^^^^^^^^^^^^^^^^
  File "/home/muquissi/Desktop/EducaAngola/venv/lib/python3.11/site-packages/django/template/engine.py", line 177, in get_template
    template, origin = self.find_template(template_name)
                       ^^^^^^^^^^^^^^^^^^^^^^^^^^^^^^^^^
  File "/home/muquissi/Desktop/EducaAngola/venv/lib/python3.11/site-packages/django/template/engine.py", line 159, in find_template
    template = loader.get_template(name, skip=skip)
               ^^^^^^^^^^^^^^^^^^^^^^^^^^^^^^^^^^^^
  File "/home/muquissi/Desktop/EducaAngola/venv/lib/python3.11/site-packages/django/template/loaders/cached.py", line 57, in get_template
    template = super().get_template(template_name, skip)
               ^^^^^^^^^^^^^^^^^^^^^^^^^^^^^^^^^^^^^^^^^
  File "/home/muquissi/Desktop/EducaAngola/venv/lib/python3.11/site-packages/django/template/loaders/base.py", line 28, in get_template
    return Template(
           ^^^^^^^^^
  File "/home/muquissi/Desktop/EducaAngola/venv/lib/python3.11/site-packages/django/template/base.py", line 154, in __init__
    self.nodelist = self.compile_nodelist()
                    ^^^^^^^^^^^^^^^^^^^^^^^
  File "/home/muquissi/Desktop/EducaAngola/venv/lib/python3.11/site-packages/django/template/base.py", line 196, in compile_nodelist
    nodelist = parser.parse()
               ^^^^^^^^^^^^^^
  File "/home/muquissi/Desktop/EducaAngola/venv/lib/python3.11/site-packages/django/template/base.py", line 512, in parse
    self.invalid_block_tag(token, command, parse_until)
  File "/home/muquissi/Desktop/EducaAngola/venv/lib/python3.11/site-packages/django/template/base.py", line 573, in invalid_block_tag
    raise self.error(
django.template.exceptions.TemplateSyntaxError: Invalid block tag on line 15: 'static'. Did you forget to register or load this tag?
"GET /Educa_Angola/admin/ HTTP/1.1" 500 152837
Internal Server Error: /Educa_Angola/admin/
Traceback (most recent call last):
  File "/home/muquissi/Desktop/EducaAngola/venv/lib/python3.11/site-packages/django/template/base.py", line 510, in parse
    compile_func = self.tags[command]
                   ~~~~~~~~~^^^^^^^^^
KeyError: 'static'

During handling of the above exception, another exception occurred:

Traceback (most recent call last):
  File "/home/muquissi/Desktop/EducaAngola/venv/lib/python3.11/site-packages/django/core/handlers/exception.py", line 55, in inner
    response = get_response(request)
               ^^^^^^^^^^^^^^^^^^^^^
  File "/home/muquissi/Desktop/EducaAngola/venv/lib/python3.11/site-packages/django/core/handlers/base.py", line 197, in _get_response
    response = wrapped_callback(request, *callback_args, **callback_kwargs)
               ^^^^^^^^^^^^^^^^^^^^^^^^^^^^^^^^^^^^^^^^^^^^^^^^^^^^^^^^^^^^
  File "/home/muquissi/Educa/core/views.py", line 17, in admin
    return render(request, 'admin.html')
           ^^^^^^^^^^^^^^^^^^^^^^^^^^^^^
  File "/home/muquissi/Desktop/EducaAngola/venv/lib/python3.11/site-packages/django/shortcuts.py", line 25, in render
    content = loader.render_to_string(template_name, context, request, using=using)
              ^^^^^^^^^^^^^^^^^^^^^^^^^^^^^^^^^^^^^^^^^^^^^^^^^^^^^^^^^^^^^^^^^^^^^
  File "/home/muquissi/Desktop/EducaAngola/venv/lib/python3.11/site-packages/django/template/loader.py", line 61, in render_to_string
    template = get_template(template_name, using=using)
               ^^^^^^^^^^^^^^^^^^^^^^^^^^^^^^^^^^^^^^^^
  File "/home/muquissi/Desktop/EducaAngola/venv/lib/python3.11/site-packages/django/template/loader.py", line 15, in get_template
    return engine.get_template(template_name)
           ^^^^^^^^^^^^^^^^^^^^^^^^^^^^^^^^^^
  File "/home/muquissi/Desktop/EducaAngola/venv/lib/python3.11/site-packages/django/template/backends/django.py", line 79, in get_template
    return Template(self.engine.get_template(template_name), self)
                    ^^^^^^^^^^^^^^^^^^^^^^^^^^^^^^^^^^^^^^^
  File "/home/muquissi/Desktop/EducaAngola/venv/lib/python3.11/site-packages/django/template/engine.py", line 177, in get_template
    template, origin = self.find_template(template_name)
                       ^^^^^^^^^^^^^^^^^^^^^^^^^^^^^^^^^
  File "/home/muquissi/Desktop/EducaAngola/venv/lib/python3.11/site-packages/django/template/engine.py", line 159, in find_template
    template = loader.get_template(name, skip=skip)
               ^^^^^^^^^^^^^^^^^^^^^^^^^^^^^^^^^^^^
  File "/home/muquissi/Desktop/EducaAngola/venv/lib/python3.11/site-packages/django/template/loaders/cached.py", line 57, in get_template
    template = super().get_template(template_name, skip)
               ^^^^^^^^^^^^^^^^^^^^^^^^^^^^^^^^^^^^^^^^^
  File "/home/muquissi/Desktop/EducaAngola/venv/lib/python3.11/site-packages/django/template/loaders/base.py", line 28, in get_template
    return Template(
           ^^^^^^^^^
  File "/home/muquissi/Desktop/EducaAngola/venv/lib/python3.11/site-packages/django/template/base.py", line 154, in __init__
    self.nodelist = self.compile_nodelist()
                    ^^^^^^^^^^^^^^^^^^^^^^^
  File "/home/muquissi/Desktop/EducaAngola/venv/lib/python3.11/site-packages/django/template/base.py", line 196, in compile_nodelist
    nodelist = parser.parse()
               ^^^^^^^^^^^^^^
  File "/home/muquissi/Desktop/EducaAngola/venv/lib/python3.11/site-packages/django/template/base.py", line 512, in parse
    self.invalid_block_tag(token, command, parse_until)
  File "/home/muquissi/Desktop/EducaAngola/venv/lib/python3.11/site-packages/django/template/base.py", line 573, in invalid_block_tag
    raise self.error(
django.template.exceptions.TemplateSyntaxError: Invalid block tag on line 15: 'static'. Did you forget to register or load this tag?
"GET /Educa_Angola/admin/ HTTP/1.1" 500 150081
